build/outputs/logs/manifest-merger-release-report.txt
-- Merging decision tree log ---
manifest
ADDED from workspace/KCSonSons/AndroidManifest.xml:2:1-148:12
	package
		ADDED from workspace/KCSonSons/AndroidManifest.xml:3:5-36
	android:versionName
		ADDED from workspace/KCSonSons/AndroidManifest.xml:5:5-30
		INJECTED from workspace/KCSonSons/AndroidManifest.xml
		INJECTED from workspace/KCSonSons/AndroidManifest.xml
	android:versionCode
		ADDED from workspace/KCSonSons/AndroidManifest.xml:4:5-29
		INJECTED from workspace/KCSonSons/AndroidManifest.xml
		INJECTED from workspace/KCSonSons/AndroidManifest.xml
	xmlns:android
		ADDED from workspace/KCSonSons/AndroidManifest.xml:2:11-69
uses-sdk
ADDED from workspace/KCSonSons/AndroidManifest.xml:19:5-21:41
MERGED from [com.google.android.gms:play-services-maps:10.2.4] AndroidManifest.xml:23:5-43
MERGED from [com.google.android.gms:play-services-location:10.2.4] AndroidManifest.xml:3:5-43
MERGED from [com.google.android.gms:play-services-base:10.2.4] AndroidManifest.xml:17:5-43
MERGED from [com.google.android.gms:play-services-tasks:10.2.4] AndroidManifest.xml:3:5-43
MERGED from [com.google.android.gms:play-services-basement:10.2.4] AndroidManifest.xml:17:5-43
MERGED from [com.android.support:appcompat-v7:25.3.1] AndroidManifest.xml:21:5-23:78
MERGED from [com.android.support:support-v4:25.3.1] AndroidManifest.xml:21:5-23:54
MERGED from [com.android.support:support-fragment:25.3.1] AndroidManifest.xml:21:5-23:60
MERGED from [com.android.support:support-media-compat:25.3.1] AndroidManifest.xml:21:5-23:63
MERGED from [com.android.support:support-core-ui:25.3.1] AndroidManifest.xml:21:5-23:58
MERGED from [com.android.support:support-core-utils:25.3.1] AndroidManifest.xml:21:5-23:61
MERGED from [com.android.support:animated-vector-drawable:25.3.1] AndroidManifest.xml:20:5-44
MERGED from [com.android.support:support-vector-drawable:25.3.1] AndroidManifest.xml:20:5-43
MERGED from [com.android.support:support-compat:25.3.1] AndroidManifest.xml:21:5-23:58
MERGED from [com.android.support.constraint:constraint-layout:1.0.2] AndroidManifest.xml:5:5-7:41
	tools:overrideLibrary
		ADDED from [com.android.support:appcompat-v7:25.3.1] AndroidManifest.xml:23:9-75
	android:targetSdkVersion
		ADDED from workspace/KCSonSons/AndroidManifest.xml:21:9-38
		INJECTED from workspace/KCSonSons/AndroidManifest.xml
		INJECTED from workspace/KCSonSons/AndroidManifest.xml
	android:minSdkVersion
		ADDED from workspace/KCSonSons/AndroidManifest.xml:20:9-35
		INJECTED from workspace/KCSonSons/AndroidManifest.xml
		INJECTED from workspace/KCSonSons/AndroidManifest.xml
uses-permission#android.permission.ACCESS_NETWORK_STATE
ADDED from workspace/KCSonSons/AndroidManifest.xml:23:5-79
MERGED from [com.google.android.gms:play-services-maps:10.2.4] AndroidManifest.xml:19:5-78
	android:name
		ADDED from workspace/KCSonSons/AndroidManifest.xml:23:22-76
uses-permission#android.permission.INTERNET
ADDED from workspace/KCSonSons/AndroidManifest.xml:24:5-67
MERGED from [com.google.android.gms:play-services-maps:10.2.4] AndroidManifest.xml:20:5-66
	android:name
		ADDED from workspace/KCSonSons/AndroidManifest.xml:24:22-64
uses-permission#com.google.android.providers.gsf.permission.READ_GSERVICES
ADDED from workspace/KCSonSons/AndroidManifest.xml:25:5-98
	android:name
		ADDED from workspace/KCSonSons/AndroidManifest.xml:25:22-95
uses-permission#android.permission.WRITE_EXTERNAL_STORAGE
ADDED from workspace/KCSonSons/AndroidManifest.xml:27:5-81
	android:name
		ADDED from workspace/KCSonSons/AndroidManifest.xml:27:22-78
uses-permission#android.permission.ACCESS_COARSE_LOCATION
ADDED from workspace/KCSonSons/AndroidManifest.xml:29:5-81
	android:name
		ADDED from workspace/KCSonSons/AndroidManifest.xml:29:22-78
uses-permission#android.permission.ACCESS_FINE_LOCATION
ADDED from workspace/KCSonSons/AndroidManifest.xml:30:5-79
	android:name
		ADDED from workspace/KCSonSons/AndroidManifest.xml:30:22-76
uses-feature#0x00020000
ADDED from workspace/KCSonSons/AndroidManifest.xml:32:5-34:35
MERGED from [com.google.android.gms:play-services-maps:10.2.4] AndroidManifest.xml:21:5-77
	android:glEsVersion
		ADDED from workspace/KCSonSons/AndroidManifest.xml:33:9-41
	android:required
		ADDED from workspace/KCSonSons/AndroidManifest.xml:34:9-32
uses-permission#android.permission.READ_PHONE_STATE
ADDED from workspace/KCSonSons/AndroidManifest.xml:36:5-75
	android:name
		ADDED from workspace/KCSonSons/AndroidManifest.xml:36:22-72
uses-permission#android.permission.READ_EXTERNAL_STORAGE
ADDED from workspace/KCSonSons/AndroidManifest.xml:37:5-80
	android:name
		ADDED from workspace/KCSonSons/AndroidManifest.xml:37:22-77
application
ADDED from workspace/KCSonSons/AndroidManifest.xml:40:5-146:19
MERGED from [com.google.android.gms:play-services-maps:10.2.4] AndroidManifest.xml:24:5-19
MERGED from [com.google.android.gms:play-services-location:10.2.4] AndroidManifest.xml:4:5-19
MERGED from [com.google.android.gms:play-services-base:10.2.4] AndroidManifest.xml:18:5-20:19
MERGED from [com.google.android.gms:play-services-tasks:10.2.4] AndroidManifest.xml:4:5-19
MERGED from [com.google.android.gms:play-services-basement:10.2.4] AndroidManifest.xml:19:5-21:19
MERGED from [com.android.support:appcompat-v7:25.3.1] AndroidManifest.xml:29:5-20
MERGED from [com.android.support:support-v4:25.3.1] AndroidManifest.xml:29:5-20
MERGED from [com.android.support:support-fragment:25.3.1] AndroidManifest.xml:29:5-20
MERGED from [com.android.support:support-media-compat:25.3.1] AndroidManifest.xml:29:5-20
MERGED from [com.android.support:support-core-ui:25.3.1] AndroidManifest.xml:29:5-20
MERGED from [com.android.support:support-core-utils:25.3.1] AndroidManifest.xml:29:5-20
MERGED from [com.android.support:animated-vector-drawable:25.3.1] AndroidManifest.xml:26:5-20
MERGED from [com.android.support:support-vector-drawable:25.3.1] AndroidManifest.xml:26:5-20
MERGED from [com.android.support:support-compat:25.3.1] AndroidManifest.xml:29:5-20
MERGED from [com.android.support.constraint:constraint-layout:1.0.2] AndroidManifest.xml:9:5-20
	android:label
		ADDED from workspace/KCSonSons/AndroidManifest.xml:43:9-41
	android:hardwareAccelerated
		ADDED from workspace/KCSonSons/AndroidManifest.xml:41:9-43
	android:icon
		ADDED from workspace/KCSonSons/AndroidManifest.xml:42:9-43
	android:theme
		ADDED from workspace/KCSonSons/AndroidManifest.xml:44:9-40
meta-data#com.google.android.gms.version
ADDED from workspace/KCSonSons/AndroidManifest.xml:45:9-47:69
MERGED from [com.google.android.gms:play-services-basement:10.2.4] AndroidManifest.xml:20:9-121
	android:value
		ADDED from workspace/KCSonSons/AndroidManifest.xml:47:13-66
	android:name
		ADDED from workspace/KCSonSons/AndroidManifest.xml:46:13-58
activity#com.mbizdev.kcsonsons.Home_Activity
ADDED from workspace/KCSonSons/AndroidManifest.xml:49:9-52:52
	android:screenOrientation
		ADDED from workspace/KCSonSons/AndroidManifest.xml:52:13-49
	android:label
		ADDED from workspace/KCSonSons/AndroidManifest.xml:51:13-45
	android:name
		ADDED from workspace/KCSonSons/AndroidManifest.xml:50:13-42
activity#com.mbizdev.kcsonsons.MoreActivity
ADDED from workspace/KCSonSons/AndroidManifest.xml:53:9-62:20
	android:screenOrientation
		ADDED from workspace/KCSonSons/AndroidManifest.xml:56:13-49
	android:label
		ADDED from workspace/KCSonSons/AndroidManifest.xml:55:13-53
	android:name
		ADDED from workspace/KCSonSons/AndroidManifest.xml:54:13-41
intent-filter#android.intent.action.MAIN+android.intent.category.LAUNCHER
ADDED from workspace/KCSonSons/AndroidManifest.xml:57:13-61:29
action#android.intent.action.MAIN
ADDED from workspace/KCSonSons/AndroidManifest.xml:58:17-69
	android:name
		ADDED from workspace/KCSonSons/AndroidManifest.xml:58:25-66
category#android.intent.category.LAUNCHER
ADDED from workspace/KCSonSons/AndroidManifest.xml:60:17-77
	android:name
		ADDED from workspace/KCSonSons/AndroidManifest.xml:60:27-74
activity#com.mbizdev.kcsonsons.TwitterActivity
ADDED from workspace/KCSonSons/AndroidManifest.xml:63:9-66:52
	android:screenOrientation
		ADDED from workspace/KCSonSons/AndroidManifest.xml:66:13-49
	android:label
		ADDED from workspace/KCSonSons/AndroidManifest.xml:65:13-59
	android:name
		ADDED from workspace/KCSonSons/AndroidManifest.xml:64:13-44
activity#com.mbizdev.kcsonsons.FacebookActivity
ADDED from workspace/KCSonSons/AndroidManifest.xml:67:9-70:52
	android:screenOrientation
		ADDED from workspace/KCSonSons/AndroidManifest.xml:70:13-49
	android:label
		ADDED from workspace/KCSonSons/AndroidManifest.xml:69:13-60
	android:name
		ADDED from workspace/KCSonSons/AndroidManifest.xml:68:13-45
activity#com.mbizdev.kcsonsons.WWWActivity
ADDED from workspace/KCSonSons/AndroidManifest.xml:71:9-74:52
	android:screenOrientation
		ADDED from workspace/KCSonSons/AndroidManifest.xml:74:13-49
	android:label
		ADDED from workspace/KCSonSons/AndroidManifest.xml:73:13-55
	android:name
		ADDED from workspace/KCSonSons/AndroidManifest.xml:72:13-40
activity#com.mbizdev.kcsonsons.PittaActivity
ADDED from workspace/KCSonSons/AndroidManifest.xml:75:9-78:52
	android:screenOrientation
		ADDED from workspace/KCSonSons/AndroidManifest.xml:78:13-49
	android:label
		ADDED from workspace/KCSonSons/AndroidManifest.xml:77:13-57
	android:name
		ADDED from workspace/KCSonSons/AndroidManifest.xml:76:13-42
activity#com.mbizdev.kcsonsons.BurgerActivity
ADDED from workspace/KCSonSons/AndroidManifest.xml:79:9-82:52
	android:screenOrientation
		ADDED from workspace/KCSonSons/AndroidManifest.xml:82:13-49
	android:label
		ADDED from workspace/KCSonSons/AndroidManifest.xml:81:13-58
	android:name
		ADDED from workspace/KCSonSons/AndroidManifest.xml:80:13-43
activity#com.mbizdev.kcsonsons.EveryThingActivity
ADDED from workspace/KCSonSons/AndroidManifest.xml:83:9-86:52
	android:screenOrientation
		ADDED from workspace/KCSonSons/AndroidManifest.xml:86:13-49
	android:label
		ADDED from workspace/KCSonSons/AndroidManifest.xml:85:13-63
	android:name
		ADDED from workspace/KCSonSons/AndroidManifest.xml:84:13-47
activity#com.mbizdev.kcsonsons.OpenHoursActivity
ADDED from workspace/KCSonSons/AndroidManifest.xml:87:9-91:20
	android:label
		ADDED from workspace/KCSonSons/AndroidManifest.xml:89:13-62
	android:name
		ADDED from workspace/KCSonSons/AndroidManifest.xml:88:13-46
activity#com.mbizdev.kcsonsons.GPlusActivity
ADDED from workspace/KCSonSons/AndroidManifest.xml:92:9-95:52
	android:screenOrientation
		ADDED from workspace/KCSonSons/AndroidManifest.xml:95:13-49
	android:label
		ADDED from workspace/KCSonSons/AndroidManifest.xml:94:13-57
	android:name
		ADDED from workspace/KCSonSons/AndroidManifest.xml:93:13-42
activity#com.mbizdev.kcsonsons.InstaActivity
ADDED from workspace/KCSonSons/AndroidManifest.xml:96:9-99:52
	android:screenOrientation
		ADDED from workspace/KCSonSons/AndroidManifest.xml:99:13-49
	android:label
		ADDED from workspace/KCSonSons/AndroidManifest.xml:98:13-57
	android:name
		ADDED from workspace/KCSonSons/AndroidManifest.xml:97:13-42
activity#com.mbizdev.kcsonsons.AboutActivity
ADDED from workspace/KCSonSons/AndroidManifest.xml:100:9-103:52
	android:screenOrientation
		ADDED from workspace/KCSonSons/AndroidManifest.xml:103:13-49
	android:label
		ADDED from workspace/KCSonSons/AndroidManifest.xml:102:13-57
	android:name
		ADDED from workspace/KCSonSons/AndroidManifest.xml:101:13-42
activity#com.mbizdev.kcsonsons.MerchActivity
ADDED from workspace/KCSonSons/AndroidManifest.xml:104:9-107:52
	android:screenOrientation
		ADDED from workspace/KCSonSons/AndroidManifest.xml:107:13-49
	android:label
		ADDED from workspace/KCSonSons/AndroidManifest.xml:106:13-57
	android:name
		ADDED from workspace/KCSonSons/AndroidManifest.xml:105:13-42
activity#com.mbizdev.kcsonsons.CameraMapActivity
ADDED from workspace/KCSonSons/AndroidManifest.xml:108:9-111:52
	android:screenOrientation
		ADDED from workspace/KCSonSons/AndroidManifest.xml:111:13-49
	android:label
		ADDED from workspace/KCSonSons/AndroidManifest.xml:110:13-62
	android:name
		ADDED from workspace/KCSonSons/AndroidManifest.xml:109:13-46
activity#com.mbizdev.kcsonsons.LegalInfoActivity
ADDED from workspace/KCSonSons/AndroidManifest.xml:112:9-115:52
	android:screenOrientation
		ADDED from workspace/KCSonSons/AndroidManifest.xml:115:13-49
	android:label
		ADDED from workspace/KCSonSons/AndroidManifest.xml:114:13-62
	android:name
		ADDED from workspace/KCSonSons/AndroidManifest.xml:113:13-46
activity#com.mbizdev.kcsonsons.OrderActivity
ADDED from workspace/KCSonSons/AndroidManifest.xml:116:9-119:52
	android:screenOrientation
		ADDED from workspace/KCSonSons/AndroidManifest.xml:119:13-49
	android:label
		ADDED from workspace/KCSonSons/AndroidManifest.xml:118:13-57
	android:name
		ADDED from workspace/KCSonSons/AndroidManifest.xml:117:13-42
activity#com.mbizdev.kcsonsons.Q_Cam
ADDED from workspace/KCSonSons/AndroidManifest.xml:120:9-123:52
	android:screenOrientation
		ADDED from workspace/KCSonSons/AndroidManifest.xml:123:13-49
	android:label
		ADDED from workspace/KCSonSons/AndroidManifest.xml:122:13-58
	android:name
		ADDED from workspace/KCSonSons/AndroidManifest.xml:121:13-34
activity#com.mbizdev.kcsonsons.NewServer
ADDED from workspace/KCSonSons/AndroidManifest.xml:124:9-127:52
	android:screenOrientation
		ADDED from workspace/KCSonSons/AndroidManifest.xml:127:13-49
	android:label
		ADDED from workspace/KCSonSons/AndroidManifest.xml:126:13-62
	android:name
		ADDED from workspace/KCSonSons/AndroidManifest.xml:125:13-38
meta-data#com.google.android.geo.API_KEY
ADDED from workspace/KCSonSons/AndroidManifest.xml:138:9-140:71
	android:value
		ADDED from workspace/KCSonSons/AndroidManifest.xml:140:13-68
	android:name
		ADDED from workspace/KCSonSons/AndroidManifest.xml:139:13-58
activity#com.mbizdev.kcsonsons.MapsActivity
ADDED from workspace/KCSonSons/AndroidManifest.xml:142:9-144:59
	android:label
		ADDED from workspace/KCSonSons/AndroidManifest.xml:144:13-56
	android:name
		ADDED from workspace/KCSonSons/AndroidManifest.xml:143:13-41
activity#com.mbizdev.kcsonsons.AllergenActivity
ADDED from workspace/KCSonSons/AndroidManifest.xml:145:9-63
	android:name
		ADDED from workspace/KCSonSons/AndroidManifest.xml:145:19-51
activity#com.google.android.gms.common.api.GoogleApiActivity
ADDED from [com.google.android.gms:play-services-base:10.2.4] AndroidManifest.xml:19:9-172
	android:exported
		ADDED from [com.google.android.gms:play-services-base:10.2.4] AndroidManifest.xml:19:146-170
	android:theme
		ADDED from [com.google.android.gms:play-services-base:10.2.4] AndroidManifest.xml:19:86-145
	android:name
		ADDED from [com.google.android.gms:play-services-base:10.2.4] AndroidManifest.xml:19:19-85
meta-data#android.support.VERSION
ADDED from [com.android.support:appcompat-v7:25.3.1] AndroidManifest.xml:25:5-27:34
MERGED from [com.android.support:support-v4:25.3.1] AndroidManifest.xml:25:5-27:34
MERGED from [com.android.support:support-fragment:25.3.1] AndroidManifest.xml:25:5-27:34
MERGED from [com.android.support:support-media-compat:25.3.1] AndroidManifest.xml:25:5-27:34
MERGED from [com.android.support:support-core-ui:25.3.1] AndroidManifest.xml:25:5-27:34
MERGED from [com.android.support:support-core-utils:25.3.1] AndroidManifest.xml:25:5-27:34
MERGED from [com.android.support:animated-vector-drawable:25.3.1] AndroidManifest.xml:22:5-24:34
MERGED from [com.android.support:support-vector-drawable:25.3.1] AndroidManifest.xml:22:5-24:34
MERGED from [com.android.support:support-compat:25.3.1] AndroidManifest.xml:25:5-27:34
	android:value
		ADDED from [com.android.support:appcompat-v7:25.3.1] AndroidManifest.xml:27:9-31
	android:name
		ADDED from [com.android.support:appcompat-v7:25.3.1] AndroidManifest.xml:26:9-47